<?xml version="1.0" encoding="UTF-8"?>
<!-- Generated by org.testng.reporters.JUnitReportReporter -->
<testsuite hostname="Denis" name="Testgroup.TestRegExWork.AppTest" tests="1" failures="0" timestamp="26 May 2018 00:31:35 GMT" time="0.023" errors="0">
  <testcase name="unitTestForMatchMailTrue1" time="0.023" classname="Testgroup.TestRegExWork.AppTest"/>
</testsuite> <!-- Testgroup.TestRegExWork.AppTest -->
