<?xml version="1.0" encoding="UTF-8"?>
<!-- Generated by org.testng.reporters.JUnitReportReporter -->
<testsuite hostname="Denis" name="Testgroup.TestRegExWork.AppTest2" tests="9" failures="0" timestamp="26 May 2018 00:31:35 GMT" time="0.017" errors="0">
  <testcase name="unitTestForMatchMail" time="0.002" classname="Testgroup.TestRegExWork.AppTest2"/>
  <testcase name="unitTestForMatchMail" time="0.002" classname="Testgroup.TestRegExWork.AppTest2"/>
  <testcase name="unitTestForMatchMail" time="0.002" classname="Testgroup.TestRegExWork.AppTest2"/>
  <testcase name="unitTestForMatchMail" time="0.002" classname="Testgroup.TestRegExWork.AppTest2"/>
  <testcase name="unitTestForMatchMail" time="0.002" classname="Testgroup.TestRegExWork.AppTest2"/>
  <testcase name="unitTestForMatchMail" time="0.002" classname="Testgroup.TestRegExWork.AppTest2"/>
  <testcase name="unitTestForMatchMail" time="0.001" classname="Testgroup.TestRegExWork.AppTest2"/>
  <testcase name="unitTestForMatchMail" time="0.002" classname="Testgroup.TestRegExWork.AppTest2"/>
  <testcase name="unitTestForMatchMail" time="0.002" classname="Testgroup.TestRegExWork.AppTest2"/>
</testsuite> <!-- Testgroup.TestRegExWork.AppTest2 -->
